
 ‚õÖÔ∏è wrangler 3.114.15 (update available 4.46.0)
-----------------------------------------------

[33m‚ñ≤ [43;33m[[43;30mWARNING[43;33m][0m [1mThe version of Wrangler you are using is now out-of-date.[0m

  Please update to the latest version to prevent critical errors.
  Run `npm install --save-dev wrangler@4` to update to the latest version.
  After installation, run Wrangler with `npx wrangler`.


[33m‚ñ≤ [43;33m[[43;30mWARNING[43;33m][0m [1mProcessing wrangler.toml configuration:[0m

    - Unexpected fields found in dev field: "ADMIN_PASS","JWT_SECRET"


[custom build] Running: npm run build
[custom build] npm error Missing script: "build"
[custom build] npm error
[custom build] npm error To see a list of scripts, run:
[custom build] npm error   npm run
[custom build]
[custom build] npm error A complete log of this run can be found in: /home/jules/.npm/_logs/2025-11-10T22_34_24_886Z-debug-0.log
[custom build]
[31m‚úò [41;31m[[41;97mERROR[41;31m][0m [1mError: Command failed with exit code 1: npm run build[0m

  npm error Missing script: "build"
  npm error
  npm error To see a list of scripts, run:
  npm error   npm run
  npm error A complete log of this run can be found in: /home/jules/.npm/_logs/2025-11-10T22_34_24_886Z-debug-0.log
      at makeError (/app/node_modules/wrangler/wrangler-dist/cli.js:102255:14)
      at handlePromise (/app/node_modules/wrangler/wrangler-dist/cli.js:102597:29)
      at process.processTicksAndRejections (node:internal/process/task_queues:105:5)
      at async runCustomBuild (/app/node_modules/wrangler/wrangler-dist/cli.js:120287:7)
      at async getEntry (/app/node_modules/wrangler/wrangler-dist/cli.js:120423:3)
      at async resolveConfig (/app/node_modules/wrangler/wrangler-dist/cli.js:157470:17)
      at async #updateConfig (/app/node_modules/wrangler/wrangler-dist/cli.js:157632:30)
      at async setupDevEnv (/app/node_modules/wrangler/wrangler-dist/cli.js:156044:3)
      at async startDev (/app/node_modules/wrangler/wrangler-dist/cli.js:156287:7)
      at async Object.handler (/app/node_modules/wrangler/wrangler-dist/cli.js:155980:25) {
    shortMessage: 'Command failed with exit code 1: npm run build',
    command: 'npm run build',
    escapedCommand: 'npm run build',
    exitCode: 1,
    signal: undefined,
    signalDescription: undefined,
    stdout: '',
    stderr: 'npm error Missing script: "build"\n' +
      'npm error\n' +
      'npm error To see a list of scripts, run:\n' +
      'npm error   npm run\n' +
      'npm error A complete log of this run can be found in: /home/jules/.npm/_logs/2025-11-10T22_34_24_886Z-debug-0.log',
    failed: true,
    timedOut: false,
    isCanceled: false,
    killed: false
  }



[31m‚úò [41;31m[[41;97mERROR[41;31m][0m [1mRunning custom build `npm run build` failed. There are likely more logs from your build command above.[0m


ü™µ  Logs were written to "/home/jules/.config/.wrangler/logs/wrangler-2025-11-10_22-34-24_518.log"
